<?xml version="1.0" encoding="UTF-8"?>
<!-- Generated by org.testng.reporters.JUnitXMLReporter -->
<testsuite ignored="4" hostname="GAUTAMs-MacBook-Air.local" failures="0" tests="8" name="All Tests" time="50.548" errors="0" timestamp="2026-02-22T22:27:23 IST">
  <testcase classname="tests.LoginTest" name="TC_001_validLogin" time="1.259"/>
  <testcase classname="tests.LoginTest" name="TC_002_invalidLogin" time="8.799"/>
  <testcase classname="tests.LoginTest" name="TC_003_emptyLogin" time="0.606"/>
  <testcase classname="tests.AddToCartTest" name="TC_004_addSingleItem" time="1.283"/>
  <testcase classname="tests.AddToCartTest" name="TC_005_addMultipleItems" time="1.308"/>
  <testcase classname="tests.AddToCartTest" name="TC_006_removeItemFromCart" time="1.848"/>
  <testcase classname="tests.CheckoutTest" name="TC_007_placeOrder" time="2.517"/>
  <testcase classname="tests.CheckoutTest" name="TC_008_checkoutWithoutItems" time="4.936"/>
  <testcase classname="base.BaseTest" name="@AfterSuite flushReport" time="0.0">
    <ignored/>
  </testcase> <!-- @AfterSuite flushReport -->
  <testcase classname="base.BaseTest" name="@BeforeSuite setupReport" time="0.0">
    <ignored/>
  </testcase> <!-- @BeforeSuite setupReport -->
  <testcase classname="base.BaseTest" name="@AfterSuite flushReport" time="0.0">
    <ignored/>
  </testcase> <!-- @AfterSuite flushReport -->
  <testcase classname="base.BaseTest" name="@BeforeSuite setupReport" time="0.0">
    <ignored/>
  </testcase> <!-- @BeforeSuite setupReport -->
</testsuite> <!-- All Tests -->
