<?xml version="1.0" encoding="UTF-8"?>
<!-- Generated by org.testng.reporters.JUnitXMLReporter -->
<testsuite ignored="6" hostname="GAUTAMs-MacBook-Air.local" failures="0" tests="8" name="Default test" time="57.2" errors="0" timestamp="2026-02-22T22:26:15 IST">
  <testcase classname="tests.LoginTest" name="TC_001_validLogin" time="4.602"/>
  <testcase classname="tests.LoginTest" name="TC_002_invalidLogin" time="9.187"/>
  <testcase classname="tests.LoginTest" name="TC_003_emptyLogin" time="0.601"/>
  <testcase classname="tests.AddToCartTest" name="TC_004_addSingleItem" time="1.27"/>
  <testcase classname="tests.AddToCartTest" name="TC_005_addMultipleItems" time="5.312"/>
  <testcase classname="tests.AddToCartTest" name="TC_006_removeItemFromCart" time="6.4"/>
  <testcase classname="tests.CheckoutTest" name="TC_007_placeOrder" time="6.531"/>
  <testcase classname="tests.CheckoutTest" name="TC_008_checkoutWithoutItems" time="6.054"/>
  <testcase classname="base.BaseTest" name="@AfterSuite flushReport" time="0.0">
    <ignored/>
  </testcase> <!-- @AfterSuite flushReport -->
  <testcase classname="base.BaseTest" name="@AfterSuite flushReport" time="0.0">
    <ignored/>
  </testcase> <!-- @AfterSuite flushReport -->
  <testcase classname="base.BaseTest" name="@BeforeSuite setupReport" time="0.0">
    <ignored/>
  </testcase> <!-- @BeforeSuite setupReport -->
  <testcase classname="base.BaseTest" name="@BeforeSuite setupReport" time="0.0">
    <ignored/>
  </testcase> <!-- @BeforeSuite setupReport -->
  <testcase classname="base.BaseTest" name="@BeforeSuite setupReport" time="0.0">
    <ignored/>
  </testcase> <!-- @BeforeSuite setupReport -->
  <testcase classname="base.BaseTest" name="@AfterSuite flushReport" time="0.0">
    <ignored/>
  </testcase> <!-- @AfterSuite flushReport -->
</testsuite> <!-- Default test -->
