<?xml version="1.0" encoding="UTF-8"?>
<testng-results ignored="0" total="8" passed="8" failed="0" skipped="0">
  <reporter-output>
  </reporter-output>
  <suite started-at="2026-02-22T22:26:32 IST" name="bstackdemo Suite" finished-at="2026-02-22T22:27:23 IST" duration-ms="50548">
    <groups>
    </groups>
    <test started-at="2026-02-22T22:26:32 IST" name="All Tests" finished-at="2026-02-22T22:27:23 IST" duration-ms="50548">
      <class name="tests.LoginTest">
        <test-method is-config="true" signature="setupReport()[pri:0, instance:tests.LoginTest@2ddc8ecb]" started-at="2026-02-22T22:26:32 IST" name="setupReport" finished-at="2026-02-22T22:26:32 IST" duration-ms="66" status="PASS">
          <reporter-output>
          </reporter-output>
        </test-method> <!-- setupReport -->
        <test-method is-config="true" signature="setup(java.lang.reflect.Method)[pri:0, instance:tests.LoginTest@2ddc8ecb]" started-at="2026-02-22T22:26:32 IST" name="setup" finished-at="2026-02-22T22:26:37 IST" duration-ms="4811" status="PASS">
          <params>
            <param index="0">
              <value>
                <![CDATA[public void tests.LoginTest.TC_001_validLogin() throws java.lang.InterruptedException]]>
              </value>
            </param>
          </params>
          <reporter-output>
          </reporter-output>
        </test-method> <!-- setup -->
        <test-method signature="TC_001_validLogin()[pri:0, instance:tests.LoginTest@2ddc8ecb]" started-at="2026-02-22T22:26:37 IST" name="TC_001_validLogin" finished-at="2026-02-22T22:26:38 IST" duration-ms="1259" status="PASS">
          <reporter-output>
          </reporter-output>
        </test-method> <!-- TC_001_validLogin -->
        <test-method is-config="true" signature="tearDown(org.testng.ITestResult)[pri:0, instance:tests.LoginTest@2ddc8ecb]" started-at="2026-02-22T22:26:38 IST" name="tearDown" finished-at="2026-02-22T22:26:38 IST" duration-ms="103" status="PASS">
          <params>
            <param index="0">
              <value>
                <![CDATA[[TestResult name=TC_001_validLogin status=SUCCESS method=LoginTest.TC_001_validLogin()[pri:0, instance:tests.LoginTest@2ddc8ecb] output={null}]]]>
              </value>
            </param>
          </params>
          <reporter-output>
          </reporter-output>
        </test-method> <!-- tearDown -->
        <test-method is-config="true" signature="setup(java.lang.reflect.Method)[pri:0, instance:tests.LoginTest@2ddc8ecb]" started-at="2026-02-22T22:26:38 IST" name="setup" finished-at="2026-02-22T22:26:39 IST" duration-ms="1097" status="PASS">
          <params>
            <param index="0">
              <value>
                <![CDATA[public void tests.LoginTest.TC_002_invalidLogin() throws java.lang.InterruptedException]]>
              </value>
            </param>
          </params>
          <reporter-output>
          </reporter-output>
        </test-method> <!-- setup -->
        <test-method signature="TC_002_invalidLogin()[pri:0, instance:tests.LoginTest@2ddc8ecb]" started-at="2026-02-22T22:26:39 IST" name="TC_002_invalidLogin" finished-at="2026-02-22T22:26:48 IST" duration-ms="8799" status="PASS">
          <reporter-output>
          </reporter-output>
        </test-method> <!-- TC_002_invalidLogin -->
        <test-method is-config="true" signature="tearDown(org.testng.ITestResult)[pri:0, instance:tests.LoginTest@2ddc8ecb]" started-at="2026-02-22T22:26:48 IST" name="tearDown" finished-at="2026-02-22T22:26:48 IST" duration-ms="98" status="PASS">
          <params>
            <param index="0">
              <value>
                <![CDATA[[TestResult name=TC_002_invalidLogin status=SUCCESS method=LoginTest.TC_002_invalidLogin()[pri:0, instance:tests.LoginTest@2ddc8ecb] output={null}]]]>
              </value>
            </param>
          </params>
          <reporter-output>
          </reporter-output>
        </test-method> <!-- tearDown -->
        <test-method is-config="true" signature="setup(java.lang.reflect.Method)[pri:0, instance:tests.LoginTest@2ddc8ecb]" started-at="2026-02-22T22:26:48 IST" name="setup" finished-at="2026-02-22T22:26:53 IST" duration-ms="4344" status="PASS">
          <params>
            <param index="0">
              <value>
                <![CDATA[public void tests.LoginTest.TC_003_emptyLogin()]]>
              </value>
            </param>
          </params>
          <reporter-output>
          </reporter-output>
        </test-method> <!-- setup -->
        <test-method signature="TC_003_emptyLogin()[pri:0, instance:tests.LoginTest@2ddc8ecb]" started-at="2026-02-22T22:26:53 IST" name="TC_003_emptyLogin" finished-at="2026-02-22T22:26:53 IST" duration-ms="606" status="PASS">
          <reporter-output>
          </reporter-output>
        </test-method> <!-- TC_003_emptyLogin -->
        <test-method is-config="true" signature="tearDown(org.testng.ITestResult)[pri:0, instance:tests.LoginTest@2ddc8ecb]" started-at="2026-02-22T22:26:53 IST" name="tearDown" finished-at="2026-02-22T22:26:53 IST" duration-ms="88" status="PASS">
          <params>
            <param index="0">
              <value>
                <![CDATA[[TestResult name=TC_003_emptyLogin status=SUCCESS method=LoginTest.TC_003_emptyLogin()[pri:0, instance:tests.LoginTest@2ddc8ecb] output={null}]]]>
              </value>
            </param>
          </params>
          <reporter-output>
          </reporter-output>
        </test-method> <!-- tearDown -->
        <test-method is-config="true" signature="flushReport()[pri:0, instance:tests.LoginTest@2ddc8ecb]" started-at="2026-02-22T22:27:23 IST" name="flushReport" finished-at="2026-02-22T22:27:23 IST" duration-ms="90" status="PASS">
          <reporter-output>
          </reporter-output>
        </test-method> <!-- flushReport -->
      </class> <!-- tests.LoginTest -->
      <class name="tests.AddToCartTest">
        <test-method is-config="true" signature="setup(java.lang.reflect.Method)[pri:0, instance:tests.AddToCartTest@4445629]" started-at="2026-02-22T22:26:53 IST" name="setup" finished-at="2026-02-22T22:26:57 IST" duration-ms="3938" status="PASS">
          <params>
            <param index="0">
              <value>
                <![CDATA[public void tests.AddToCartTest.TC_004_addSingleItem() throws java.lang.InterruptedException]]>
              </value>
            </param>
          </params>
          <reporter-output>
          </reporter-output>
        </test-method> <!-- setup -->
        <test-method signature="TC_004_addSingleItem()[pri:0, instance:tests.AddToCartTest@4445629]" started-at="2026-02-22T22:26:57 IST" name="TC_004_addSingleItem" finished-at="2026-02-22T22:26:59 IST" duration-ms="1283" status="PASS">
          <reporter-output>
          </reporter-output>
        </test-method> <!-- TC_004_addSingleItem -->
        <test-method is-config="true" signature="tearDown(org.testng.ITestResult)[pri:0, instance:tests.AddToCartTest@4445629]" started-at="2026-02-22T22:26:59 IST" name="tearDown" finished-at="2026-02-22T22:26:59 IST" duration-ms="87" status="PASS">
          <params>
            <param index="0">
              <value>
                <![CDATA[[TestResult name=TC_004_addSingleItem status=SUCCESS method=AddToCartTest.TC_004_addSingleItem()[pri:0, instance:tests.AddToCartTest@4445629] output={null}]]]>
              </value>
            </param>
          </params>
          <reporter-output>
          </reporter-output>
        </test-method> <!-- tearDown -->
        <test-method is-config="true" signature="setup(java.lang.reflect.Method)[pri:0, instance:tests.AddToCartTest@4445629]" started-at="2026-02-22T22:26:59 IST" name="setup" finished-at="2026-02-22T22:27:03 IST" duration-ms="4060" status="PASS">
          <params>
            <param index="0">
              <value>
                <![CDATA[public void tests.AddToCartTest.TC_005_addMultipleItems() throws java.lang.InterruptedException]]>
              </value>
            </param>
          </params>
          <reporter-output>
          </reporter-output>
        </test-method> <!-- setup -->
        <test-method signature="TC_005_addMultipleItems()[pri:0, instance:tests.AddToCartTest@4445629]" started-at="2026-02-22T22:27:03 IST" name="TC_005_addMultipleItems" finished-at="2026-02-22T22:27:04 IST" duration-ms="1308" status="PASS">
          <reporter-output>
          </reporter-output>
        </test-method> <!-- TC_005_addMultipleItems -->
        <test-method is-config="true" signature="tearDown(org.testng.ITestResult)[pri:0, instance:tests.AddToCartTest@4445629]" started-at="2026-02-22T22:27:04 IST" name="tearDown" finished-at="2026-02-22T22:27:04 IST" duration-ms="87" status="PASS">
          <params>
            <param index="0">
              <value>
                <![CDATA[[TestResult name=TC_005_addMultipleItems status=SUCCESS method=AddToCartTest.TC_005_addMultipleItems()[pri:0, instance:tests.AddToCartTest@4445629] output={null}]]]>
              </value>
            </param>
          </params>
          <reporter-output>
          </reporter-output>
        </test-method> <!-- tearDown -->
        <test-method is-config="true" signature="setup(java.lang.reflect.Method)[pri:0, instance:tests.AddToCartTest@4445629]" started-at="2026-02-22T22:27:04 IST" name="setup" finished-at="2026-02-22T22:27:08 IST" duration-ms="3965" status="PASS">
          <params>
            <param index="0">
              <value>
                <![CDATA[public void tests.AddToCartTest.TC_006_removeItemFromCart() throws java.lang.InterruptedException]]>
              </value>
            </param>
          </params>
          <reporter-output>
          </reporter-output>
        </test-method> <!-- setup -->
        <test-method signature="TC_006_removeItemFromCart()[pri:0, instance:tests.AddToCartTest@4445629]" started-at="2026-02-22T22:27:08 IST" name="TC_006_removeItemFromCart" finished-at="2026-02-22T22:27:10 IST" duration-ms="1848" status="PASS">
          <reporter-output>
          </reporter-output>
        </test-method> <!-- TC_006_removeItemFromCart -->
        <test-method is-config="true" signature="tearDown(org.testng.ITestResult)[pri:0, instance:tests.AddToCartTest@4445629]" started-at="2026-02-22T22:27:10 IST" name="tearDown" finished-at="2026-02-22T22:27:10 IST" duration-ms="89" status="PASS">
          <params>
            <param index="0">
              <value>
                <![CDATA[[TestResult name=TC_006_removeItemFromCart status=SUCCESS method=AddToCartTest.TC_006_removeItemFromCart()[pri:0, instance:tests.AddToCartTest@4445629] output={null}]]]>
              </value>
            </param>
          </params>
          <reporter-output>
          </reporter-output>
        </test-method> <!-- tearDown -->
      </class> <!-- tests.AddToCartTest -->
      <class name="tests.CheckoutTest">
        <test-method is-config="true" signature="setup(java.lang.reflect.Method)[pri:0, instance:tests.CheckoutTest@45b9a632]" started-at="2026-02-22T22:27:10 IST" name="setup" finished-at="2026-02-22T22:27:14 IST" duration-ms="4056" status="PASS">
          <params>
            <param index="0">
              <value>
                <![CDATA[public void tests.CheckoutTest.TC_007_placeOrder() throws java.lang.InterruptedException]]>
              </value>
            </param>
          </params>
          <reporter-output>
          </reporter-output>
        </test-method> <!-- setup -->
        <test-method signature="TC_007_placeOrder()[pri:0, instance:tests.CheckoutTest@45b9a632]" started-at="2026-02-22T22:27:14 IST" name="TC_007_placeOrder" finished-at="2026-02-22T22:27:17 IST" duration-ms="2517" status="PASS">
          <reporter-output>
          </reporter-output>
        </test-method> <!-- TC_007_placeOrder -->
        <test-method is-config="true" signature="tearDown(org.testng.ITestResult)[pri:0, instance:tests.CheckoutTest@45b9a632]" started-at="2026-02-22T22:27:17 IST" name="tearDown" finished-at="2026-02-22T22:27:17 IST" duration-ms="83" status="PASS">
          <params>
            <param index="0">
              <value>
                <![CDATA[[TestResult name=TC_007_placeOrder status=SUCCESS method=CheckoutTest.TC_007_placeOrder()[pri:0, instance:tests.CheckoutTest@45b9a632] output={null}]]]>
              </value>
            </param>
          </params>
          <reporter-output>
          </reporter-output>
        </test-method> <!-- tearDown -->
        <test-method is-config="true" signature="setup(java.lang.reflect.Method)[pri:0, instance:tests.CheckoutTest@45b9a632]" started-at="2026-02-22T22:27:17 IST" name="setup" finished-at="2026-02-22T22:27:18 IST" duration-ms="978" status="PASS">
          <params>
            <param index="0">
              <value>
                <![CDATA[public void tests.CheckoutTest.TC_008_checkoutWithoutItems()]]>
              </value>
            </param>
          </params>
          <reporter-output>
          </reporter-output>
        </test-method> <!-- setup -->
        <test-method signature="TC_008_checkoutWithoutItems()[pri:0, instance:tests.CheckoutTest@45b9a632]" started-at="2026-02-22T22:27:18 IST" name="TC_008_checkoutWithoutItems" finished-at="2026-02-22T22:27:23 IST" duration-ms="4936" status="PASS">
          <reporter-output>
          </reporter-output>
        </test-method> <!-- TC_008_checkoutWithoutItems -->
        <test-method is-config="true" signature="tearDown(org.testng.ITestResult)[pri:0, instance:tests.CheckoutTest@45b9a632]" started-at="2026-02-22T22:27:23 IST" name="tearDown" finished-at="2026-02-22T22:27:23 IST" duration-ms="88" status="PASS">
          <params>
            <param index="0">
              <value>
                <![CDATA[[TestResult name=TC_008_checkoutWithoutItems status=SUCCESS method=CheckoutTest.TC_008_checkoutWithoutItems()[pri:0, instance:tests.CheckoutTest@45b9a632] output={null}]]]>
              </value>
            </param>
          </params>
          <reporter-output>
          </reporter-output>
        </test-method> <!-- tearDown -->
      </class> <!-- tests.CheckoutTest -->
    </test> <!-- All Tests -->
  </suite> <!-- bstackdemo Suite -->
</testng-results>
