<?xml version="1.0" encoding="UTF-8"?>
<testng-results ignored="0" total="8" passed="8" failed="0" skipped="0">
  <reporter-output>
  </reporter-output>
  <suite started-at="2026-02-22T22:25:18 IST" name="Default suite" finished-at="2026-02-22T22:26:15 IST" duration-ms="57200">
    <groups>
    </groups>
    <test started-at="2026-02-22T22:25:18 IST" name="Default test" finished-at="2026-02-22T22:26:15 IST" duration-ms="57200">
      <class name="tests.LoginTest">
        <test-method is-config="true" signature="setupReport()[pri:0, instance:tests.LoginTest@40005471]" started-at="2026-02-22T22:25:18 IST" name="setupReport" finished-at="2026-02-22T22:25:18 IST" duration-ms="73" status="PASS">
          <reporter-output>
          </reporter-output>
        </test-method> <!-- setupReport -->
        <test-method is-config="true" signature="setup(java.lang.reflect.Method)[pri:0, instance:tests.LoginTest@40005471]" started-at="2026-02-22T22:25:18 IST" name="setup" finished-at="2026-02-22T22:25:19 IST" duration-ms="1369" status="PASS">
          <params>
            <param index="0">
              <value>
                <![CDATA[public void tests.LoginTest.TC_001_validLogin() throws java.lang.InterruptedException]]>
              </value>
            </param>
          </params>
          <reporter-output>
          </reporter-output>
        </test-method> <!-- setup -->
        <test-method signature="TC_001_validLogin()[pri:0, instance:tests.LoginTest@40005471]" started-at="2026-02-22T22:25:19 IST" name="TC_001_validLogin" finished-at="2026-02-22T22:25:24 IST" duration-ms="4602" status="PASS">
          <reporter-output>
          </reporter-output>
        </test-method> <!-- TC_001_validLogin -->
        <test-method is-config="true" signature="tearDown(org.testng.ITestResult)[pri:0, instance:tests.LoginTest@40005471]" started-at="2026-02-22T22:25:24 IST" name="tearDown" finished-at="2026-02-22T22:25:24 IST" duration-ms="93" status="PASS">
          <params>
            <param index="0">
              <value>
                <![CDATA[[TestResult name=TC_001_validLogin status=SUCCESS method=LoginTest.TC_001_validLogin()[pri:0, instance:tests.LoginTest@40005471] output={null}]]]>
              </value>
            </param>
          </params>
          <reporter-output>
          </reporter-output>
        </test-method> <!-- tearDown -->
        <test-method is-config="true" signature="setup(java.lang.reflect.Method)[pri:0, instance:tests.LoginTest@40005471]" started-at="2026-02-22T22:25:24 IST" name="setup" finished-at="2026-02-22T22:25:25 IST" duration-ms="1041" status="PASS">
          <params>
            <param index="0">
              <value>
                <![CDATA[public void tests.LoginTest.TC_002_invalidLogin() throws java.lang.InterruptedException]]>
              </value>
            </param>
          </params>
          <reporter-output>
          </reporter-output>
        </test-method> <!-- setup -->
        <test-method signature="TC_002_invalidLogin()[pri:0, instance:tests.LoginTest@40005471]" started-at="2026-02-22T22:25:25 IST" name="TC_002_invalidLogin" finished-at="2026-02-22T22:25:34 IST" duration-ms="9187" status="PASS">
          <reporter-output>
          </reporter-output>
        </test-method> <!-- TC_002_invalidLogin -->
        <test-method is-config="true" signature="tearDown(org.testng.ITestResult)[pri:0, instance:tests.LoginTest@40005471]" started-at="2026-02-22T22:25:34 IST" name="tearDown" finished-at="2026-02-22T22:25:34 IST" duration-ms="100" status="PASS">
          <params>
            <param index="0">
              <value>
                <![CDATA[[TestResult name=TC_002_invalidLogin status=SUCCESS method=LoginTest.TC_002_invalidLogin()[pri:0, instance:tests.LoginTest@40005471] output={null}]]]>
              </value>
            </param>
          </params>
          <reporter-output>
          </reporter-output>
        </test-method> <!-- tearDown -->
        <test-method is-config="true" signature="setup(java.lang.reflect.Method)[pri:0, instance:tests.LoginTest@40005471]" started-at="2026-02-22T22:25:34 IST" name="setup" finished-at="2026-02-22T22:25:38 IST" duration-ms="4069" status="PASS">
          <params>
            <param index="0">
              <value>
                <![CDATA[public void tests.LoginTest.TC_003_emptyLogin()]]>
              </value>
            </param>
          </params>
          <reporter-output>
          </reporter-output>
        </test-method> <!-- setup -->
        <test-method signature="TC_003_emptyLogin()[pri:0, instance:tests.LoginTest@40005471]" started-at="2026-02-22T22:25:38 IST" name="TC_003_emptyLogin" finished-at="2026-02-22T22:25:39 IST" duration-ms="601" status="PASS">
          <reporter-output>
          </reporter-output>
        </test-method> <!-- TC_003_emptyLogin -->
        <test-method is-config="true" signature="tearDown(org.testng.ITestResult)[pri:0, instance:tests.LoginTest@40005471]" started-at="2026-02-22T22:25:39 IST" name="tearDown" finished-at="2026-02-22T22:25:39 IST" duration-ms="83" status="PASS">
          <params>
            <param index="0">
              <value>
                <![CDATA[[TestResult name=TC_003_emptyLogin status=SUCCESS method=LoginTest.TC_003_emptyLogin()[pri:0, instance:tests.LoginTest@40005471] output={null}]]]>
              </value>
            </param>
          </params>
          <reporter-output>
          </reporter-output>
        </test-method> <!-- tearDown -->
        <test-method is-config="true" signature="flushReport()[pri:0, instance:tests.LoginTest@40005471]" started-at="2026-02-22T22:26:15 IST" name="flushReport" finished-at="2026-02-22T22:26:15 IST" duration-ms="92" status="PASS">
          <reporter-output>
          </reporter-output>
        </test-method> <!-- flushReport -->
      </class> <!-- tests.LoginTest -->
      <class name="tests.AddToCartTest">
        <test-method is-config="true" signature="setup(java.lang.reflect.Method)[pri:0, instance:tests.AddToCartTest@55fe41ea]" started-at="2026-02-22T22:25:39 IST" name="setup" finished-at="2026-02-22T22:25:44 IST" duration-ms="5185" status="PASS">
          <params>
            <param index="0">
              <value>
                <![CDATA[public void tests.AddToCartTest.TC_004_addSingleItem() throws java.lang.InterruptedException]]>
              </value>
            </param>
          </params>
          <reporter-output>
          </reporter-output>
        </test-method> <!-- setup -->
        <test-method signature="TC_004_addSingleItem()[pri:0, instance:tests.AddToCartTest@55fe41ea]" started-at="2026-02-22T22:25:44 IST" name="TC_004_addSingleItem" finished-at="2026-02-22T22:25:46 IST" duration-ms="1270" status="PASS">
          <reporter-output>
          </reporter-output>
        </test-method> <!-- TC_004_addSingleItem -->
        <test-method is-config="true" signature="tearDown(org.testng.ITestResult)[pri:0, instance:tests.AddToCartTest@55fe41ea]" started-at="2026-02-22T22:25:46 IST" name="tearDown" finished-at="2026-02-22T22:25:46 IST" duration-ms="83" status="PASS">
          <params>
            <param index="0">
              <value>
                <![CDATA[[TestResult name=TC_004_addSingleItem status=SUCCESS method=AddToCartTest.TC_004_addSingleItem()[pri:0, instance:tests.AddToCartTest@55fe41ea] output={null}]]]>
              </value>
            </param>
          </params>
          <reporter-output>
          </reporter-output>
        </test-method> <!-- tearDown -->
        <test-method is-config="true" signature="setup(java.lang.reflect.Method)[pri:0, instance:tests.AddToCartTest@55fe41ea]" started-at="2026-02-22T22:25:46 IST" name="setup" finished-at="2026-02-22T22:25:47 IST" duration-ms="1042" status="PASS">
          <params>
            <param index="0">
              <value>
                <![CDATA[public void tests.AddToCartTest.TC_005_addMultipleItems() throws java.lang.InterruptedException]]>
              </value>
            </param>
          </params>
          <reporter-output>
          </reporter-output>
        </test-method> <!-- setup -->
        <test-method signature="TC_005_addMultipleItems()[pri:0, instance:tests.AddToCartTest@55fe41ea]" started-at="2026-02-22T22:25:47 IST" name="TC_005_addMultipleItems" finished-at="2026-02-22T22:25:52 IST" duration-ms="5312" status="PASS">
          <reporter-output>
          </reporter-output>
        </test-method> <!-- TC_005_addMultipleItems -->
        <test-method is-config="true" signature="tearDown(org.testng.ITestResult)[pri:0, instance:tests.AddToCartTest@55fe41ea]" started-at="2026-02-22T22:25:52 IST" name="tearDown" finished-at="2026-02-22T22:25:52 IST" duration-ms="84" status="PASS">
          <params>
            <param index="0">
              <value>
                <![CDATA[[TestResult name=TC_005_addMultipleItems status=SUCCESS method=AddToCartTest.TC_005_addMultipleItems()[pri:0, instance:tests.AddToCartTest@55fe41ea] output={null}]]]>
              </value>
            </param>
          </params>
          <reporter-output>
          </reporter-output>
        </test-method> <!-- tearDown -->
        <test-method is-config="true" signature="setup(java.lang.reflect.Method)[pri:0, instance:tests.AddToCartTest@55fe41ea]" started-at="2026-02-22T22:25:52 IST" name="setup" finished-at="2026-02-22T22:25:54 IST" duration-ms="1730" status="PASS">
          <params>
            <param index="0">
              <value>
                <![CDATA[public void tests.AddToCartTest.TC_006_removeItemFromCart() throws java.lang.InterruptedException]]>
              </value>
            </param>
          </params>
          <reporter-output>
          </reporter-output>
        </test-method> <!-- setup -->
        <test-method signature="TC_006_removeItemFromCart()[pri:0, instance:tests.AddToCartTest@55fe41ea]" started-at="2026-02-22T22:25:54 IST" name="TC_006_removeItemFromCart" finished-at="2026-02-22T22:26:00 IST" duration-ms="6400" status="PASS">
          <reporter-output>
          </reporter-output>
        </test-method> <!-- TC_006_removeItemFromCart -->
        <test-method is-config="true" signature="tearDown(org.testng.ITestResult)[pri:0, instance:tests.AddToCartTest@55fe41ea]" started-at="2026-02-22T22:26:00 IST" name="tearDown" finished-at="2026-02-22T22:26:00 IST" duration-ms="87" status="PASS">
          <params>
            <param index="0">
              <value>
                <![CDATA[[TestResult name=TC_006_removeItemFromCart status=SUCCESS method=AddToCartTest.TC_006_removeItemFromCart()[pri:0, instance:tests.AddToCartTest@55fe41ea] output={null}]]]>
              </value>
            </param>
          </params>
          <reporter-output>
          </reporter-output>
        </test-method> <!-- tearDown -->
      </class> <!-- tests.AddToCartTest -->
      <class name="tests.CheckoutTest">
        <test-method is-config="true" signature="setup(java.lang.reflect.Method)[pri:0, instance:tests.CheckoutTest@1ce24091]" started-at="2026-02-22T22:26:00 IST" name="setup" finished-at="2026-02-22T22:26:01 IST" duration-ms="1060" status="PASS">
          <params>
            <param index="0">
              <value>
                <![CDATA[public void tests.CheckoutTest.TC_007_placeOrder() throws java.lang.InterruptedException]]>
              </value>
            </param>
          </params>
          <reporter-output>
          </reporter-output>
        </test-method> <!-- setup -->
        <test-method signature="TC_007_placeOrder()[pri:0, instance:tests.CheckoutTest@1ce24091]" started-at="2026-02-22T22:26:01 IST" name="TC_007_placeOrder" finished-at="2026-02-22T22:26:08 IST" duration-ms="6531" status="PASS">
          <reporter-output>
          </reporter-output>
        </test-method> <!-- TC_007_placeOrder -->
        <test-method is-config="true" signature="tearDown(org.testng.ITestResult)[pri:0, instance:tests.CheckoutTest@1ce24091]" started-at="2026-02-22T22:26:08 IST" name="tearDown" finished-at="2026-02-22T22:26:08 IST" duration-ms="86" status="PASS">
          <params>
            <param index="0">
              <value>
                <![CDATA[[TestResult name=TC_007_placeOrder status=SUCCESS method=CheckoutTest.TC_007_placeOrder()[pri:0, instance:tests.CheckoutTest@1ce24091] output={null}]]]>
              </value>
            </param>
          </params>
          <reporter-output>
          </reporter-output>
        </test-method> <!-- tearDown -->
        <test-method is-config="true" signature="setup(java.lang.reflect.Method)[pri:0, instance:tests.CheckoutTest@1ce24091]" started-at="2026-02-22T22:26:08 IST" name="setup" finished-at="2026-02-22T22:26:09 IST" duration-ms="1016" status="PASS">
          <params>
            <param index="0">
              <value>
                <![CDATA[public void tests.CheckoutTest.TC_008_checkoutWithoutItems()]]>
              </value>
            </param>
          </params>
          <reporter-output>
          </reporter-output>
        </test-method> <!-- setup -->
        <test-method signature="TC_008_checkoutWithoutItems()[pri:0, instance:tests.CheckoutTest@1ce24091]" started-at="2026-02-22T22:26:09 IST" name="TC_008_checkoutWithoutItems" finished-at="2026-02-22T22:26:15 IST" duration-ms="6054" status="PASS">
          <reporter-output>
          </reporter-output>
        </test-method> <!-- TC_008_checkoutWithoutItems -->
        <test-method is-config="true" signature="tearDown(org.testng.ITestResult)[pri:0, instance:tests.CheckoutTest@1ce24091]" started-at="2026-02-22T22:26:15 IST" name="tearDown" finished-at="2026-02-22T22:26:15 IST" duration-ms="91" status="PASS">
          <params>
            <param index="0">
              <value>
                <![CDATA[[TestResult name=TC_008_checkoutWithoutItems status=SUCCESS method=CheckoutTest.TC_008_checkoutWithoutItems()[pri:0, instance:tests.CheckoutTest@1ce24091] output={null}]]]>
              </value>
            </param>
          </params>
          <reporter-output>
          </reporter-output>
        </test-method> <!-- tearDown -->
      </class> <!-- tests.CheckoutTest -->
    </test> <!-- Default test -->
  </suite> <!-- Default suite -->
</testng-results>
