<?xml version="1.0" encoding="UTF-8"?>
<!-- Generated by org.testng.reporters.JUnitReportReporter -->
<testsuite hostname="GAUTAMs-MacBook-Air.local" failures="0" tests="3" name="tests.AddToCartTest" time="21.193" errors="0" timestamp="2026-02-22T22:26:15 IST" skipped="0">
  <testcase classname="tests.AddToCartTest" name="TC_004_addSingleItem" time="6.542"/>
  <testcase classname="tests.AddToCartTest" name="TC_005_addMultipleItems" time="6.438"/>
  <testcase classname="tests.AddToCartTest" name="TC_006_removeItemFromCart" time="8.213"/>
</testsuite> <!-- tests.AddToCartTest -->
