<?xml version="1.0" encoding="UTF-8"?>
<!-- Generated by org.testng.reporters.JUnitReportReporter -->
<testsuite hostname="GAUTAMs-MacBook-Air.local" failures="0" tests="3" name="tests.LoginTest" time="21.145" errors="0" timestamp="2026-02-22T22:26:15 IST" skipped="0">
  <testcase classname="tests.LoginTest" name="TC_003_emptyLogin" time="1.725"/>
  <testcase classname="tests.LoginTest" name="TC_001_validLogin" time="6.064"/>
  <testcase classname="tests.LoginTest" name="TC_002_invalidLogin" time="13.356"/>
</testsuite> <!-- tests.LoginTest -->
