<?xml version="1.0" encoding="UTF-8"?>
<!-- Generated by org.testng.reporters.JUnitReportReporter -->
<testsuite hostname="GAUTAMs-MacBook-Air.local" failures="0" tests="3" name="tests.LoginTest" time="21.205" errors="0" timestamp="2026-02-22T22:27:23 IST" skipped="0">
  <testcase classname="tests.LoginTest" name="TC_002_invalidLogin" time="9.994"/>
  <testcase classname="tests.LoginTest" name="TC_003_emptyLogin" time="5.505"/>
  <testcase classname="tests.LoginTest" name="TC_001_validLogin" time="5.706"/>
</testsuite> <!-- tests.LoginTest -->
