<?xml version="1.0" encoding="UTF-8"?>
<!-- Generated by org.testng.reporters.JUnitReportReporter -->
<testsuite hostname="GAUTAMs-MacBook-Air.local" failures="0" tests="3" name="tests.AddToCartTest" time="16.665" errors="0" timestamp="2026-02-22T22:27:23 IST" skipped="0">
  <testcase classname="tests.AddToCartTest" name="TC_005_addMultipleItems" time="5.333"/>
  <testcase classname="tests.AddToCartTest" name="TC_006_removeItemFromCart" time="5.900"/>
  <testcase classname="tests.AddToCartTest" name="TC_004_addSingleItem" time="5.432"/>
</testsuite> <!-- tests.AddToCartTest -->
